Arguments: 
  /usr/local/bin/node /usr/local/bin/yarn

PATH: 
  /Users/bowiegou/.virtualenvs/cv/bin:/usr/local/bin:/opt/local/bin:/opt/local/sbin:/Library/Frameworks/Python.framework/Versions/2.7/bin:/usr/local/bin:/opt/local/bin:/opt/local/sbin:/Library/Frameworks/Python.framework/Versions/2.7/bin:/usr/local/bin:/usr/bin:/bin:/usr/sbin:/sbin:/opt/pkg_uninstaller:/opt/pkg_uninstaller:/opt/pkg_uninstaller:/opt/pkg_uninstaller /Users/bowiegou/Dev/androidsdk/ /Users/bowiegou/Dev/androidsdk/tools/

Yarn version: 
  0.21.3

Node version: 
  5.11.0

Platform: 
  darwin x64

npm manifest: 
  {
    "name": "ydm",
    "version": "0.0.1",
    "description": "YouTube Danmaku plugin.",
    "main": "gulpfile.js",
    "scripts": {
      "test": "gulp test"
    },
    "repository": {
      "type": "git",
      "url": "git+https://github.com/YouDanMu/YouDanMu.git"
    },
    "author": "RixTox",
    "license": "MIT",
    "bugs": {
      "url": "https://github.com/YouDanMu/YouDanMu/issues"
    },
    "homepage": "https://github.com/YouDanMu/YouDanMu",
    "devDependencies": {
      "@types/chai": "^3.4.35",
      "@types/chrome": "0.0.40",
      "@types/color": "^1.0.0",
      "@types/mocha": "^2.2.39",
      "@types/node": "^7.0.5",
      "browserify": "^14.0.0",
      "chai": "^3.5.0",
      "color": "^1.0.3",
      "color-picker": "git+ssh://git@github.com/tovic/color-picker.git",
      "crx": "^3.2.1",
      "del": "^2.2.2",
      "gulp": "github:gulpjs/gulp#4.0",
      "gulp-autoprefixer": "^3.1.1",
      "gulp-clean-css": "^3.0.4",
      "gulp-open": "^2.0.0",
      "gulp-rename": "^1.2.2",
      "gulp-sass": "^3.1.0",
      "gulp-sourcemaps": "^2.4.1",
      "gulp-typescript": "^3.1.5",
      "gulp-uglify": "^2.0.1",
      "gulp-util": "^3.0.8",
      "minimist": "^1.2.0",
      "mocha": "^3.2.0",
      "node-rsa": "^0.4.2",
      "preact": "git+https://github.com/developit/preact.git",
      "rimraf": "^2.5.2",
      "rxjs": "^5.2.0",
      "ts-node": "^2.1.0",
      "typescript": "^2.2.1",
      "vinyl-buffer": "^1.0.0",
      "vinyl-source-stream": "^1.1.0"
    }
  }

yarn manifest: 
  No manifest

Lockfile: 
  No lockfile

Trace: 
  Error: EACCES: permission denied, mkdir '/Users/bowiegou/Dev/YouDanMu/node_modules/bach/node_modules/array-each'
      at Error (native)
